<?xml version="1.0" encoding="UTF-8"?>
<!-- Generated by org.testng.reporters.JUnitReportReporter -->
<testsuite hostname="madmax" failures="0" tests="2" name="tests.magentoCreateAccountPageTest" time="28.313" errors="0" timestamp="2023-08-23T14:29:07 PDT" skipped="0">
  <testcase classname="tests.magentoCreateAccountPageTest" name="createAccountAndLogin" time="17.022"/>
  <system-out/>
  <testcase classname="tests.magentoCreateAccountPageTest" name="createAccountAndLogin" time="11.291"/>
  <system-out/>
</testsuite> <!-- tests.magentoCreateAccountPageTest -->
