<?xml version="1.0" encoding="UTF-8"?>
<!-- Generated by org.testng.reporters.JUnitReportReporter -->
<testsuite hostname="madmax" failures="0" tests="24" name="tests.magentoLoginPageTest" time="46.597" errors="1" timestamp="2023-08-23T14:29:07 PDT" skipped="0">
  <testcase classname="tests.magentoLoginPageTest" name="navigateToLoginPage" time="1.553"/>
  <system-out/>
  <testcase classname="tests.magentoLoginPageTest" name="navigateToLoginPage" time="1.540"/>
  <system-out/>
  <testcase classname="tests.magentoLoginPageTest" name="verifyLoginPageUrlAndTitle" time="0.046"/>
  <system-out/>
  <testcase classname="tests.magentoLoginPageTest" name="verifyLoginPageUrlAndTitle" time="0.238"/>
  <system-out/>
  <testcase classname="tests.magentoLoginPageTest" name="verifyLoginSectionElements" time="0.272"/>
  <system-out/>
  <testcase classname="tests.magentoLoginPageTest" name="verifyLoginSectionElements" time="0.480"/>
  <system-out/>
  <testcase classname="tests.magentoLoginPageTest" name="verifyLoginSectionErrorValidation" time="0.394"/>
  <system-out/>
  <testcase classname="tests.magentoLoginPageTest" name="verifyLoginSectionErrorValidation" time="12.045">
    <error message="Expected condition failed: waiting for visibility of element located by By.id: email-error (tried for 10 second(s) with 500 milliseconds interval)" type="org.openqa.selenium.TimeoutException">
      <![CDATA[org.openqa.selenium.TimeoutException: Expected condition failed: waiting for visibility of element located by By.id: email-error (tried for 10 second(s) with 500 milliseconds interval)
at org.openqa.selenium.support.ui.WebDriverWait.timeoutException(WebDriverWait.java:95)
at org.openqa.selenium.support.ui.FluentWait.until(FluentWait.java:272)
at pages.MagentoLoginPage.checkUsernameErrorContainerDisplayed(MagentoLoginPage.java:78)
at tests.magentoLoginPageTest.verifyLoginSectionErrorValidation(magentoLoginPageTest.java:46)
at java.base/jdk.internal.reflect.DirectMethodHandleAccessor.invoke(DirectMethodHandleAccessor.java:104)
at java.base/java.lang.reflect.Method.invoke(Method.java:578)
at org.testng.internal.MethodInvocationHelper.invokeMethod(MethodInvocationHelper.java:134)
at org.testng.internal.TestInvoker.invokeMethod(TestInvoker.java:597)
at org.testng.internal.TestInvoker.invokeTestMethod(TestInvoker.java:173)
at org.testng.internal.MethodRunner.runInSequence(MethodRunner.java:46)
at org.testng.internal.TestInvoker$MethodInvocationAgent.invoke(TestInvoker.java:816)
at org.testng.internal.TestInvoker.invokeTestMethods(TestInvoker.java:146)
at org.testng.internal.TestMethodWorker.invokeTestMethods(TestMethodWorker.java:146)
at org.testng.internal.TestMethodWorker.run(TestMethodWorker.java:128)
at java.base/java.util.ArrayList.forEach(ArrayList.java:1511)
at org.testng.TestRunner.privateRun(TestRunner.java:766)
at org.testng.TestRunner.run(TestRunner.java:587)
at org.testng.SuiteRunner.runTest(SuiteRunner.java:384)
at org.testng.SuiteRunner.runSequentially(SuiteRunner.java:378)
at org.testng.SuiteRunner.privateRun(SuiteRunner.java:337)
at org.testng.SuiteRunner.run(SuiteRunner.java:286)
at org.testng.SuiteRunnerWorker.runSuite(SuiteRunnerWorker.java:53)
at org.testng.SuiteRunnerWorker.run(SuiteRunnerWorker.java:96)
at org.testng.TestNG.runSuitesSequentially(TestNG.java:1187)
at org.testng.TestNG.runSuitesLocally(TestNG.java:1109)
at org.testng.TestNG.runSuites(TestNG.java:1039)
at org.testng.TestNG.run(TestNG.java:1007)
at org.apache.maven.surefire.testng.TestNGExecutor.run(TestNGExecutor.java:283)
at org.apache.maven.surefire.testng.TestNGXmlTestSuite.execute(TestNGXmlTestSuite.java:75)
at org.apache.maven.surefire.testng.TestNGProvider.invoke(TestNGProvider.java:120)
at org.apache.maven.surefire.booter.ForkedBooter.invokeProviderInSameClassLoader(ForkedBooter.java:384)
at org.apache.maven.surefire.booter.ForkedBooter.runSuitesInProcess(ForkedBooter.java:345)
at org.apache.maven.surefire.booter.ForkedBooter.execute(ForkedBooter.java:126)
at org.apache.maven.surefire.booter.ForkedBooter.main(ForkedBooter.java:418)
Caused by: org.openqa.selenium.NoSuchElementException: Unable to locate element: #email\-error
For documentation on this error, please visit: https://www.seleniumhq.org/exceptions/no_such_element.html
Build info: version: '3.141.59', revision: 'e82be7d358', time: '2018-11-14T08:17:03'
System info: host: 'MADMAX', ip: '192.168.1.103', os.name: 'Windows 11', os.arch: 'amd64', os.version: '10.0', java.version: '19.0.2'
Driver info: org.openqa.selenium.firefox.FirefoxDriver
Capabilities {acceptInsecureCerts: true, browserName: firefox, browserVersion: 85.0.2, javascriptEnabled: true, moz:accessibilityChecks: false, moz:buildID: 20210208133944, moz:geckodriverVersion: 0.29.0, moz:headless: false, moz:processID: 17996, moz:profile: C:\Users\saism\AppData\Loca..., moz:shutdownTimeout: 60000, moz:useNonSpecCompliantPointerOrigin: false, moz:webdriverClick: true, pageLoadStrategy: normal, platform: WINDOWS, platformName: WINDOWS, platformVersion: 10.0, rotatable: false, setWindowRect: true, strictFileInteractability: false, timeouts: {implicit: 0, pageLoad: 300000, script: 30000}, unhandledPromptBehavior: dismiss and notify}
Session ID: be88c633-4ec1-4598-a42f-1e98a73681ca
*** Element info: {Using=id, value=email-error}
at java.base/jdk.internal.reflect.DirectConstructorHandleAccessor.newInstance(DirectConstructorHandleAccessor.java:67)
at java.base/java.lang.reflect.Constructor.newInstanceWithCaller(Constructor.java:500)
at java.base/java.lang.reflect.Constructor.newInstance(Constructor.java:484)
at org.openqa.selenium.remote.http.W3CHttpResponseCodec.createException(W3CHttpResponseCodec.java:187)
at org.openqa.selenium.remote.http.W3CHttpResponseCodec.decode(W3CHttpResponseCodec.java:122)
at org.openqa.selenium.remote.http.W3CHttpResponseCodec.decode(W3CHttpResponseCodec.java:49)
at org.openqa.selenium.remote.HttpCommandExecutor.execute(HttpCommandExecutor.java:158)
at org.openqa.selenium.remote.service.DriverCommandExecutor.execute(DriverCommandExecutor.java:83)
at org.openqa.selenium.remote.RemoteWebDriver.execute(RemoteWebDriver.java:552)
at org.openqa.selenium.remote.RemoteWebDriver.findElement(RemoteWebDriver.java:323)
at org.openqa.selenium.remote.RemoteWebDriver.findElementById(RemoteWebDriver.java:372)
at org.openqa.selenium.By$ById.findElement(By.java:188)
at org.openqa.selenium.remote.RemoteWebDriver.findElement(RemoteWebDriver.java:315)
at org.openqa.selenium.support.ui.ExpectedConditions$7.apply(ExpectedConditions.java:205)
at org.openqa.selenium.support.ui.ExpectedConditions$7.apply(ExpectedConditions.java:201)
at org.openqa.selenium.support.ui.FluentWait.until(FluentWait.java:249)
... 32 more
]]>
    </error>
  </testcase> <!-- verifyLoginSectionErrorValidation -->
  <system-out/>
  <testcase classname="tests.magentoLoginPageTest" name="verifyForgotPasswordLinkDisplay" time="0.041"/>
  <system-out/>
  <testcase classname="tests.magentoLoginPageTest" name="verifyForgotPasswordLinkDisplay" time="0.046"/>
  <system-out/>
  <testcase classname="tests.magentoLoginPageTest" name="verifyForgotPasswordLinkNavigation" time="0.938"/>
  <system-out/>
  <testcase classname="tests.magentoLoginPageTest" name="verifyForgotPasswordLinkNavigation" time="1.051"/>
  <system-out/>
  <testcase classname="tests.magentoLoginPageTest" name="verifyForgotPasswordPageElements" time="0.492"/>
  <system-out/>
  <testcase classname="tests.magentoLoginPageTest" name="verifyForgotPasswordPageElements" time="0.307"/>
  <system-out/>
  <testcase classname="tests.magentoLoginPageTest" name="verifyForgotPasswordPageBrowserBackFunctionality" time="1.307"/>
  <system-out/>
  <testcase classname="tests.magentoLoginPageTest" name="verifyForgotPasswordPageBrowserBackFunctionality" time="0.947"/>
  <system-out/>
  <testcase classname="tests.magentoLoginPageTest" name="verifyInvalidLoginCredentials" time="3.126"/>
  <system-out/>
  <testcase classname="tests.magentoLoginPageTest" name="verifyInvalidLoginCredentials" time="2.764"/>
  <system-out/>
  <testcase classname="tests.magentoLoginPageTest" name="verifyInvalidLoginCredentials" time="2.684"/>
  <system-out/>
  <testcase classname="tests.magentoLoginPageTest" name="verifyInvalidLoginCredentials" time="2.753"/>
  <system-out/>
  <testcase classname="tests.magentoLoginPageTest" name="verifyLogin" time="1.504"/>
  <system-out/>
  <testcase classname="tests.magentoLoginPageTest" name="verifyLogin" time="1.892"/>
  <system-out/>
  <testcase classname="tests.magentoLoginPageTest" name="verifySignOutFeature" time="2.141"/>
  <system-out/>
  <testcase classname="tests.magentoLoginPageTest" name="verifySignOutFeature" time="8.036"/>
  <system-out/>
</testsuite> <!-- tests.magentoLoginPageTest -->
